                                      1 ;--------------------------------------------------------
                                      2 ; File Created by SDCC : free open source ANSI-C Compiler
                                      3 ; Version 3.6.8 #9946 (Linux)
                                      4 ;--------------------------------------------------------
                                      5 	.module main
                                      6 	.optsdcc -mstm8
                                      7 	
                                      8 ;--------------------------------------------------------
                                      9 ; Public variables in this module
                                     10 ;--------------------------------------------------------
                                     11 	.globl _main
                                     12 	.globl _se8r01_tx
                                     13 	.globl _se8r01_init
                                     14 	.globl _uart_init
                                     15 	.globl _printf
                                     16 ;--------------------------------------------------------
                                     17 ; ram data
                                     18 ;--------------------------------------------------------
                                     19 	.area DATA
                                     20 ;--------------------------------------------------------
                                     21 ; ram data
                                     22 ;--------------------------------------------------------
                                     23 	.area INITIALIZED
                                     24 ;--------------------------------------------------------
                                     25 ; Stack segment in internal ram 
                                     26 ;--------------------------------------------------------
                                     27 	.area	SSEG
      000000                         28 __start__stack:
      000000                         29 	.ds	1
                                     30 
                                     31 ;--------------------------------------------------------
                                     32 ; absolute external ram data
                                     33 ;--------------------------------------------------------
                                     34 	.area DABS (ABS)
                                     35 ;--------------------------------------------------------
                                     36 ; interrupt vector 
                                     37 ;--------------------------------------------------------
                                     38 	.area HOME
      000000                         39 __interrupt_vect:
      000000 82v00u00u00             40 	int s_GSINIT ; reset
                                     41 ;--------------------------------------------------------
                                     42 ; global & static initialisations
                                     43 ;--------------------------------------------------------
                                     44 	.area HOME
                                     45 	.area GSINIT
                                     46 	.area GSFINAL
                                     47 	.area GSINIT
      000000                         48 __sdcc_gs_init_startup:
      000000                         49 __sdcc_init_data:
                                     50 ; stm8_genXINIT() start
      000000 AEr00r00         [ 2]   51 	ldw x, #l_DATA
      000003 27 07            [ 1]   52 	jreq	00002$
      000005                         53 00001$:
      000005 72 4FuFFuFF      [ 1]   54 	clr (s_DATA - 1, x)
      000009 5A               [ 2]   55 	decw x
      00000A 26 F9            [ 1]   56 	jrne	00001$
      00000C                         57 00002$:
      00000C AEr00r00         [ 2]   58 	ldw	x, #l_INITIALIZER
      00000F 27 09            [ 1]   59 	jreq	00004$
      000011                         60 00003$:
      000011 D6uFFuFF         [ 1]   61 	ld	a, (s_INITIALIZER - 1, x)
      000014 D7uFFuFF         [ 1]   62 	ld	(s_INITIALIZED - 1, x), a
      000017 5A               [ 2]   63 	decw	x
      000018 26 F7            [ 1]   64 	jrne	00003$
      00001A                         65 00004$:
                                     66 ; stm8_genXINIT() end
                                     67 	.area GSFINAL
      000000 CCr00r04         [ 2]   68 	jp	__sdcc_program_startup
                                     69 ;--------------------------------------------------------
                                     70 ; Home
                                     71 ;--------------------------------------------------------
                                     72 	.area HOME
                                     73 	.area HOME
      000004                         74 __sdcc_program_startup:
      000004 CCr00r5D         [ 2]   75 	jp	_main
                                     76 ;	return from main will return to caller
                                     77 ;--------------------------------------------------------
                                     78 ; code
                                     79 ;--------------------------------------------------------
                                     80 	.area CODE
                                     81 ;	../../stm8/delay.h: 11: static inline void delay_ms(uint32_t ms) {
                                     82 ;	-----------------------------------------
                                     83 ;	 function delay_ms
                                     84 ;	-----------------------------------------
      000000                         85 _delay_ms:
      000000 52 08            [ 2]   86 	sub	sp, #8
                                     87 ;	../../stm8/delay.h: 12: for (uint32_t i = 0; i < ((F_CPU / 18 / 1000UL) * ms); i++) {
      000002 5F               [ 1]   88 	clrw	x
      000003 1F 03            [ 2]   89 	ldw	(0x03, sp), x
      000005 1F 01            [ 2]   90 	ldw	(0x01, sp), x
      000007 1E 0D            [ 2]   91 	ldw	x, (0x0d, sp)
      000009 89               [ 2]   92 	pushw	x
      00000A 1E 0D            [ 2]   93 	ldw	x, (0x0d, sp)
      00000C 89               [ 2]   94 	pushw	x
      00000D 4B 6F            [ 1]   95 	push	#0x6f
      00000F 5F               [ 1]   96 	clrw	x
      000010 89               [ 2]   97 	pushw	x
      000011 4B 00            [ 1]   98 	push	#0x00
      000013 CDr00r00         [ 4]   99 	call	__mullong
      000016 5B 08            [ 2]  100 	addw	sp, #8
      000018 1F 07            [ 2]  101 	ldw	(0x07, sp), x
      00001A 17 05            [ 2]  102 	ldw	(0x05, sp), y
      00001C                        103 00103$:
      00001C 1E 03            [ 2]  104 	ldw	x, (0x03, sp)
      00001E 13 07            [ 2]  105 	cpw	x, (0x07, sp)
      000020 7B 02            [ 1]  106 	ld	a, (0x02, sp)
      000022 12 06            [ 1]  107 	sbc	a, (0x06, sp)
      000024 7B 01            [ 1]  108 	ld	a, (0x01, sp)
      000026 12 05            [ 1]  109 	sbc	a, (0x05, sp)
      000028 24 17            [ 1]  110 	jrnc	00105$
                                    111 ;	../../stm8/delay.h: 13: __asm__("nop");
      00002A 9D               [ 1]  112 	nop
                                    113 ;	../../stm8/delay.h: 12: for (uint32_t i = 0; i < ((F_CPU / 18 / 1000UL) * ms); i++) {
      00002B 16 03            [ 2]  114 	ldw	y, (0x03, sp)
      00002D 72 A9 00 01      [ 2]  115 	addw	y, #0x0001
      000031 7B 02            [ 1]  116 	ld	a, (0x02, sp)
      000033 A9 00            [ 1]  117 	adc	a, #0x00
      000035 97               [ 1]  118 	ld	xl, a
      000036 7B 01            [ 1]  119 	ld	a, (0x01, sp)
      000038 A9 00            [ 1]  120 	adc	a, #0x00
      00003A 95               [ 1]  121 	ld	xh, a
      00003B 17 03            [ 2]  122 	ldw	(0x03, sp), y
      00003D 1F 01            [ 2]  123 	ldw	(0x01, sp), x
      00003F 20 DB            [ 2]  124 	jra	00103$
      000041                        125 00105$:
      000041 5B 08            [ 2]  126 	addw	sp, #8
      000043 81               [ 4]  127 	ret
                                    128 ;	../../stm8/delay.h: 17: static inline void delay_us(uint32_t us) {
                                    129 ;	-----------------------------------------
                                    130 ;	 function delay_us
                                    131 ;	-----------------------------------------
      000044                        132 _delay_us:
                                    133 ;	../../stm8/delay.h: 18: for (uint32_t i = 0; i < ((F_CPU / 18 / 1000000UL) * us); i++) {
      000044 90 5F            [ 1]  134 	clrw	y
      000046 5F               [ 1]  135 	clrw	x
      000047                        136 00103$:
      000047 90 A3 00 00      [ 2]  137 	cpw	y, #0x0000
      00004B 9F               [ 1]  138 	ld	a, xl
      00004C A2 00            [ 1]  139 	sbc	a, #0x00
      00004E 9E               [ 1]  140 	ld	a, xh
      00004F A2 00            [ 1]  141 	sbc	a, #0x00
      000051 25 01            [ 1]  142 	jrc	00115$
      000053 81               [ 4]  143 	ret
      000054                        144 00115$:
                                    145 ;	../../stm8/delay.h: 19: __asm__("nop");
      000054 9D               [ 1]  146 	nop
                                    147 ;	../../stm8/delay.h: 18: for (uint32_t i = 0; i < ((F_CPU / 18 / 1000000UL) * us); i++) {
      000055 90 5C            [ 1]  148 	incw	y
      000057 26 EE            [ 1]  149 	jrne	00103$
      000059 5C               [ 1]  150 	incw	x
      00005A 20 EB            [ 2]  151 	jra	00103$
      00005C 81               [ 4]  152 	ret
                                    153 ;	main.c: 10: void main() {
                                    154 ;	-----------------------------------------
                                    155 ;	 function main
                                    156 ;	-----------------------------------------
      00005D                        157 _main:
      00005D 52 0E            [ 2]  158 	sub	sp, #14
                                    159 ;	main.c: 11: uint8_t counter = 0;
      00005F 0F 0B            [ 1]  160 	clr	(0x0b, sp)
                                    161 ;	main.c: 15: CLK_CKDIVR = 3;
      000061 35 03 50 C6      [ 1]  162 	mov	0x50c6+0, #0x03
                                    163 ;	main.c: 17: uart_init();
      000065 CDr00r00         [ 4]  164 	call	_uart_init
                                    165 ;	../../stm8/delay.h: 12: for (uint32_t i = 0; i < ((F_CPU / 18 / 1000UL) * ms); i++) {
      000068 90 5F            [ 1]  166 	clrw	y
      00006A 5F               [ 1]  167 	clrw	x
      00006B                        168 00110$:
      00006B 90 A3 2B 5C      [ 2]  169 	cpw	y, #0x2b5c
      00006F 9F               [ 1]  170 	ld	a, xl
      000070 A2 00            [ 1]  171 	sbc	a, #0x00
      000072 9E               [ 1]  172 	ld	a, xh
      000073 A2 00            [ 1]  173 	sbc	a, #0x00
      000075 24 08            [ 1]  174 	jrnc	00106$
                                    175 ;	../../stm8/delay.h: 13: __asm__("nop");
      000077 9D               [ 1]  176 	nop
                                    177 ;	../../stm8/delay.h: 12: for (uint32_t i = 0; i < ((F_CPU / 18 / 1000UL) * ms); i++) {
      000078 90 5C            [ 1]  178 	incw	y
      00007A 26 EF            [ 1]  179 	jrne	00110$
      00007C 5C               [ 1]  180 	incw	x
      00007D 20 EC            [ 2]  181 	jra	00110$
                                    182 ;	main.c: 18: delay_ms(100);
      00007F                        183 00106$:
                                    184 ;	main.c: 19: printf("Hello\n");
      00007F AEr00rE2         [ 2]  185 	ldw	x, #___str_0+0
      000082 89               [ 2]  186 	pushw	x
      000083 CDr00r00         [ 4]  187 	call	_printf
      000086 5B 02            [ 2]  188 	addw	sp, #2
                                    189 ;	main.c: 21: se8r01_init('t');
      000088 4B 74            [ 1]  190 	push	#0x74
      00008A CDr00r00         [ 4]  191 	call	_se8r01_init
      00008D 84               [ 1]  192 	pop	a
                                    193 ;	main.c: 23: while (1) {
      00008E                        194 00103$:
                                    195 ;	main.c: 24: for (uint8_t i=0; i<TX_PLOAD_WIDTH; i++)
      00008E 0F 04            [ 1]  196 	clr	(0x04, sp)
      000090 96               [ 1]  197 	ldw	x, sp
      000091 1C 00 05         [ 2]  198 	addw	x, #5
      000094 1F 0D            [ 2]  199 	ldw	(0x0d, sp), x
      000096                        200 00113$:
      000096 7B 04            [ 1]  201 	ld	a, (0x04, sp)
      000098 A1 06            [ 1]  202 	cp	a, #0x06
      00009A 24 14            [ 1]  203 	jrnc	00101$
                                    204 ;	main.c: 25: tx_buf[i] = counter++;
      00009C 5F               [ 1]  205 	clrw	x
      00009D 7B 04            [ 1]  206 	ld	a, (0x04, sp)
      00009F 97               [ 1]  207 	ld	xl, a
      0000A0 72 FB 0D         [ 2]  208 	addw	x, (0x0d, sp)
      0000A3 7B 0B            [ 1]  209 	ld	a, (0x0b, sp)
      0000A5 6B 0C            [ 1]  210 	ld	(0x0c, sp), a
      0000A7 0C 0B            [ 1]  211 	inc	(0x0b, sp)
      0000A9 7B 0C            [ 1]  212 	ld	a, (0x0c, sp)
      0000AB F7               [ 1]  213 	ld	(x), a
                                    214 ;	main.c: 24: for (uint8_t i=0; i<TX_PLOAD_WIDTH; i++)
      0000AC 0C 04            [ 1]  215 	inc	(0x04, sp)
      0000AE 20 E6            [ 2]  216 	jra	00113$
      0000B0                        217 00101$:
                                    218 ;	main.c: 26: se8r01_tx(tx_buf);
      0000B0 1E 0D            [ 2]  219 	ldw	x, (0x0d, sp)
      0000B2 89               [ 2]  220 	pushw	x
      0000B3 CDr00r00         [ 4]  221 	call	_se8r01_tx
      0000B6 5B 02            [ 2]  222 	addw	sp, #2
                                    223 ;	../../stm8/delay.h: 12: for (uint32_t i = 0; i < ((F_CPU / 18 / 1000UL) * ms); i++) {
      0000B8 5F               [ 1]  224 	clrw	x
      0000B9 0F 02            [ 1]  225 	clr	(0x02, sp)
      0000BB 4F               [ 1]  226 	clr	a
      0000BC                        227 00116$:
      0000BC 88               [ 1]  228 	push	a
      0000BD A3 15 AE         [ 2]  229 	cpw	x, #0x15ae
      0000C0 7B 03            [ 1]  230 	ld	a, (0x03, sp)
      0000C2 A2 00            [ 1]  231 	sbc	a, #0x00
      0000C4 7B 01            [ 1]  232 	ld	a, (1, sp)
      0000C6 A2 00            [ 1]  233 	sbc	a, #0x00
      0000C8 84               [ 1]  234 	pop	a
      0000C9 24 C3            [ 1]  235 	jrnc	00103$
                                    236 ;	../../stm8/delay.h: 13: __asm__("nop");
      0000CB 9D               [ 1]  237 	nop
                                    238 ;	../../stm8/delay.h: 12: for (uint32_t i = 0; i < ((F_CPU / 18 / 1000UL) * ms); i++) {
      0000CC 1C 00 01         [ 2]  239 	addw	x, #0x0001
      0000CF 88               [ 1]  240 	push	a
      0000D0 7B 03            [ 1]  241 	ld	a, (0x03, sp)
      0000D2 A9 00            [ 1]  242 	adc	a, #0x00
      0000D4 90 97            [ 1]  243 	ld	yl, a
      0000D6 84               [ 1]  244 	pop	a
      0000D7 A9 00            [ 1]  245 	adc	a, #0x00
      0000D9 61               [ 1]  246 	exg	a, yl
      0000DA 6B 02            [ 1]  247 	ld	(0x02, sp), a
      0000DC 61               [ 1]  248 	exg	a, yl
      0000DD 20 DD            [ 2]  249 	jra	00116$
                                    250 ;	main.c: 32: delay_ms(50);
      0000DF 5B 0E            [ 2]  251 	addw	sp, #14
      0000E1 81               [ 4]  252 	ret
                                    253 	.area CODE
      0000E2                        254 ___str_0:
      0000E2 48 65 6C 6C 6F         255 	.ascii "Hello"
      0000E7 0A                     256 	.db 0x0a
      0000E8 00                     257 	.db 0x00
                                    258 	.area INITIALIZER
                                    259 	.area CABS (ABS)
